<?xml version="1.0" encoding="UTF-8"?>
<testng-results ignored="0" total="6" passed="6" failed="0" skipped="0">
  <reporter-output>
  </reporter-output>
  <suite started-at="2022-08-08T22:04:31 IST" name="Command line suite" finished-at="2022-08-08T22:04:41 IST" duration-ms="10039">
    <groups>
      <group name="cucumber">
        <method signature="AbstractTestNGCucumberTests.runScenario(io.cucumber.testng.PickleWrapper,io.cucumber.testng.FeatureWrapper)[pri:0, instance:runner.TestRunner@282003e1]" name="runScenario" class="io.cucumber.testng.AbstractTestNGCucumberTests"/>
      </group> <!-- cucumber -->
    </groups>
    <test started-at="2022-08-08T22:04:31 IST" name="Command line test" finished-at="2022-08-08T22:04:41 IST" duration-ms="10039">
      <class name="runner.TestRunner">
        <test-method is-config="true" signature="setUpClass()[pri:0, instance:runner.TestRunner@282003e1]" started-at="2022-08-08T22:04:32 IST" name="setUpClass" finished-at="2022-08-08T22:04:32 IST" duration-ms="664" status="PASS">
          <reporter-output>
          </reporter-output>
        </test-method> <!-- setUpClass -->
        <test-method signature="runScenario(io.cucumber.testng.PickleWrapper,io.cucumber.testng.FeatureWrapper)[pri:0, instance:runner.TestRunner@282003e1]" started-at="2022-08-08T22:04:32 IST" name="runScenario" description="Runs Cucumber Scenarios" data-provider="scenarios" finished-at="2022-08-08T22:04:36 IST" duration-ms="3775" status="PASS">
          <params>
            <param index="0">
              <value>
                <![CDATA["Verify that user resource can be updated"]]>
              </value>
            </param>
            <param index="1">
              <value>
                <![CDATA["Optional[Go Rest Feature]"]]>
              </value>
            </param>
          </params>
          <reporter-output>
          </reporter-output>
        </test-method> <!-- runScenario -->
        <test-method signature="runScenario(io.cucumber.testng.PickleWrapper,io.cucumber.testng.FeatureWrapper)[pri:0, instance:runner.TestRunner@282003e1]" started-at="2022-08-08T22:04:36 IST" name="runScenario" description="Runs Cucumber Scenarios" data-provider="scenarios" finished-at="2022-08-08T22:04:36 IST" duration-ms="341" status="PASS">
          <params>
            <param index="0">
              <value>
                <![CDATA["Verify that user resource can be created"]]>
              </value>
            </param>
            <param index="1">
              <value>
                <![CDATA["Optional[Go Rest Feature]"]]>
              </value>
            </param>
          </params>
          <reporter-output>
          </reporter-output>
        </test-method> <!-- runScenario -->
        <test-method signature="runScenario(io.cucumber.testng.PickleWrapper,io.cucumber.testng.FeatureWrapper)[pri:0, instance:runner.TestRunner@282003e1]" started-at="2022-08-08T22:04:36 IST" name="runScenario" description="Runs Cucumber Scenarios" data-provider="scenarios" finished-at="2022-08-08T22:04:37 IST" duration-ms="332" status="PASS">
          <params>
            <param index="0">
              <value>
                <![CDATA["Verify that a user resource not to be updated"]]>
              </value>
            </param>
            <param index="1">
              <value>
                <![CDATA["Optional[Go Rest Feature]"]]>
              </value>
            </param>
          </params>
          <reporter-output>
          </reporter-output>
        </test-method> <!-- runScenario -->
        <test-method signature="runScenario(io.cucumber.testng.PickleWrapper,io.cucumber.testng.FeatureWrapper)[pri:0, instance:runner.TestRunner@282003e1]" started-at="2022-08-08T22:04:37 IST" name="runScenario" description="Runs Cucumber Scenarios" data-provider="scenarios" finished-at="2022-08-08T22:04:37 IST" duration-ms="342" status="PASS">
          <params>
            <param index="0">
              <value>
                <![CDATA["Verify that a user resource not to be updated"]]>
              </value>
            </param>
            <param index="1">
              <value>
                <![CDATA["Optional[Go Rest Feature]"]]>
              </value>
            </param>
          </params>
          <reporter-output>
          </reporter-output>
        </test-method> <!-- runScenario -->
        <test-method signature="runScenario(io.cucumber.testng.PickleWrapper,io.cucumber.testng.FeatureWrapper)[pri:0, instance:runner.TestRunner@282003e1]" started-at="2022-08-08T22:04:37 IST" name="runScenario" description="Runs Cucumber Scenarios" data-provider="scenarios" finished-at="2022-08-08T22:04:38 IST" duration-ms="929" status="PASS">
          <params>
            <param index="0">
              <value>
                <![CDATA["Verify that a user resource not to be updated"]]>
              </value>
            </param>
            <param index="1">
              <value>
                <![CDATA["Optional[Go Rest Feature]"]]>
              </value>
            </param>
          </params>
          <reporter-output>
          </reporter-output>
        </test-method> <!-- runScenario -->
        <test-method signature="runScenario(io.cucumber.testng.PickleWrapper,io.cucumber.testng.FeatureWrapper)[pri:0, instance:runner.TestRunner@282003e1]" started-at="2022-08-08T22:04:38 IST" name="runScenario" description="Runs Cucumber Scenarios" data-provider="scenarios" finished-at="2022-08-08T22:04:38 IST" duration-ms="300" status="PASS">
          <params>
            <param index="0">
              <value>
                <![CDATA["Verify that a user resource not to be updated"]]>
              </value>
            </param>
            <param index="1">
              <value>
                <![CDATA["Optional[Go Rest Feature]"]]>
              </value>
            </param>
          </params>
          <reporter-output>
          </reporter-output>
        </test-method> <!-- runScenario -->
        <test-method is-config="true" signature="tearDownClass()[pri:0, instance:runner.TestRunner@282003e1]" started-at="2022-08-08T22:04:38 IST" name="tearDownClass" finished-at="2022-08-08T22:04:41 IST" duration-ms="2509" status="PASS">
          <reporter-output>
          </reporter-output>
        </test-method> <!-- tearDownClass -->
      </class> <!-- runner.TestRunner -->
    </test> <!-- Command line test -->
  </suite> <!-- Command line suite -->
</testng-results>
